2024-01-26 15:17:54,641 [main] INFO  controller.UserController - save TEST 
2024-01-26 15:40:21,356 [main] INFO  controller.UserController - edit TEST 
2024-01-26 15:49:16,380 [main] INFO  controller.UserController - edit TEST 
2024-01-26 15:49:39,028 [main] INFO  controller.UserController - save TEST 
2024-01-26 15:51:05,077 [main] INFO  controller.UserController - find all TEST 
2024-01-26 15:51:41,446 [main] INFO  controller.UserController - find by id TEST 
2024-01-28 00:09:29,261 [AWT-EventQueue-0] INFO  controller.UserController - find by username and password TEST 
2024-01-28 00:09:41,359 [AWT-EventQueue-0] INFO  controller.UserController - find by username and password TEST 
2024-01-28 00:09:50,945 [AWT-EventQueue-0] INFO  controller.UserController - find by username and password TEST 
2024-01-28 00:11:56,256 [AWT-EventQueue-0] INFO  controller.UserController - find by username and password TEST 
2024-01-28 00:13:51,625 [AWT-EventQueue-0] INFO  controller.UserController - find by username and password TEST 
2024-01-28 00:14:11,974 [AWT-EventQueue-0] INFO  controller.UserController - find by username and password TEST 
2024-01-28 22:56:22,676 [AWT-EventQueue-0] INFO  controller.UserController - find by username and password TEST 
2024-01-28 23:16:30,529 [AWT-EventQueue-0] INFO  controller.UserController - find by username and password TEST 
2024-01-28 23:17:28,174 [AWT-EventQueue-0] INFO  controller.UserController - find by username and password TEST 
2024-01-29 00:45:25,433 [AWT-EventQueue-0] INFO  controller.UserController - find by username and password TEST 
2024-01-29 00:49:49,301 [AWT-EventQueue-0] INFO  controller.UserController - find by username and password TEST 
2024-01-29 00:51:58,140 [AWT-EventQueue-0] INFO  controller.UserController - find by username and password TEST 
2024-01-30 23:41:55,741 [AWT-EventQueue-0] INFO  controller.UserController - find by username and password TEST 
2024-02-01 22:10:18,615 [AWT-EventQueue-0] INFO  controller.UserController - find by username and password TEST 
2024-02-01 22:11:18,791 [AWT-EventQueue-0] INFO  controller.UserController - find by username and password TEST 
2024-02-01 22:13:07,491 [AWT-EventQueue-0] INFO  controller.UserController - find by username and password TEST 
2024-02-01 22:14:01,788 [AWT-EventQueue-0] INFO  controller.UserController - find by username and password TEST 
2024-02-01 22:16:07,103 [AWT-EventQueue-0] INFO  controller.UserController - find by username and password TEST 
2024-02-01 22:39:04,679 [AWT-EventQueue-0] INFO  controller.UserController - find by username and password TEST 
2024-02-01 23:06:55,951 [AWT-EventQueue-0] INFO  controller.UserController - find by username and password TEST 
2024-02-01 23:08:30,678 [AWT-EventQueue-0] INFO  controller.UserController - find by username and password TEST 
2024-02-01 23:09:21,781 [AWT-EventQueue-0] INFO  controller.UserController - find by username and password TEST 
2024-02-01 23:16:25,220 [AWT-EventQueue-0] INFO  controller.UserController - find by username and password TEST 
2024-02-01 23:54:05,539 [AWT-EventQueue-0] INFO  controller.UserController - find by username and password TEST 
2024-02-01 23:55:16,229 [AWT-EventQueue-0] INFO  controller.UserController - find by username and password TEST 
2024-02-01 23:58:33,858 [AWT-EventQueue-0] INFO  controller.UserController - find by username and password TEST 
2024-02-02 00:15:17,610 [AWT-EventQueue-0] INFO  controller.UserController - find by username and password TEST 
2024-02-02 00:20:35,101 [AWT-EventQueue-0] INFO  controller.UserController - find by username and password TEST 
2024-02-02 00:20:42,925 [AWT-EventQueue-0] INFO  controller.UserController - edit TEST 
2024-02-02 00:28:53,390 [AWT-EventQueue-0] INFO  controller.UserController - find by username and password TEST 
2024-02-02 00:29:26,388 [AWT-EventQueue-0] INFO  controller.UserController - edit TEST 
2024-02-02 19:49:26,232 [AWT-EventQueue-0] INFO  controller.UserController - find by username and password TEST 
2024-02-02 19:51:28,754 [AWT-EventQueue-0] INFO  controller.UserController - find by username and password TEST 
2024-02-02 19:52:41,439 [AWT-EventQueue-0] INFO  controller.UserController - find by username and password TEST 
2024-02-02 19:52:55,764 [AWT-EventQueue-0] INFO  controller.UserController - find by username and password TEST 
2024-02-02 19:53:08,570 [AWT-EventQueue-0] INFO  controller.UserController - find by id TEST 
2024-02-02 19:53:10,326 [AWT-EventQueue-0] INFO  controller.UserController - find by id TEST 
2024-02-02 19:55:34,636 [AWT-EventQueue-0] INFO  controller.UserController - find by username and password TEST 
2024-02-02 19:55:40,589 [AWT-EventQueue-0] INFO  controller.UserController - find by id TEST 
2024-02-02 19:55:52,422 [AWT-EventQueue-0] INFO  controller.UserController - edit TEST 
2024-02-02 19:55:52,429 [AWT-EventQueue-0] INFO  controller.UserController - find by id TEST 
2024-02-02 19:56:04,459 [AWT-EventQueue-0] INFO  controller.UserController - edit TEST 
2024-02-02 19:56:04,671 [AWT-EventQueue-0] INFO  controller.UserController - find by id TEST 
2024-02-03 22:45:21,760 [AWT-EventQueue-0] INFO  controller.UserController - find by username and password TEST 
2024-02-03 22:45:41,436 [AWT-EventQueue-0] INFO  controller.UserController - edit TEST 
2024-02-03 22:45:41,444 [AWT-EventQueue-0] INFO  controller.UserController - find by id TEST 
2024-02-04 23:34:19,075 [main] INFO  controller.UserController - find by id TEST 
2024-02-04 23:34:22,053 [main] INFO  controller.AccountController - save TEST 
2024-02-04 23:48:44,542 [main] INFO  controller.UserController - find by id TEST 
2024-02-04 23:48:47,736 [main] INFO  controller.AccountController - save TEST 
2024-02-04 23:48:47,871 [main] INFO  controller.AccountController - edit TEST 
2024-02-08 12:30:42,996 [AWT-EventQueue-0] INFO  controller.UserController - find by username and password TEST 
2024-02-08 12:31:10,912 [AWT-EventQueue-0] INFO  controller.UserController - find by id TEST 
2024-02-08 23:37:05,435 [AWT-EventQueue-0] INFO  controller.UserController - find by username and password TEST 
2024-02-08 23:37:20,215 [AWT-EventQueue-0] INFO  controller.UserController - find by username and password TEST 
2024-02-08 23:38:17,026 [AWT-EventQueue-0] INFO  controller.UserController - edit TEST 
2024-02-08 23:38:17,030 [AWT-EventQueue-0] INFO  controller.UserController - find by id TEST 
2024-02-14 16:07:58,799 [AWT-EventQueue-0] INFO  controller.UserController - find by username and password TEST 
2024-02-14 16:08:59,396 [AWT-EventQueue-0] INFO  controller.UserController - find by id TEST 
2024-02-15 00:21:05,985 [AWT-EventQueue-0] INFO  controller.UserController - find by username and password TEST 
2024-02-15 00:27:19,913 [main] INFO  controller.UserController - find by id TEST 
2024-02-15 10:07:49,257 [main] INFO  controller.UserController - find by id TEST 
2024-02-15 10:12:55,002 [main] INFO  controller.UserController - find by id TEST 
2024-02-15 10:16:13,456 [main] INFO  controller.UserController - find by id TEST 
2024-02-15 10:16:53,605 [main] INFO  controller.UserController - find by id TEST 
2024-02-15 10:18:48,731 [main] INFO  controller.UserController - find by id TEST 
2024-02-15 10:33:22,441 [main] INFO  controller.UserController - find by id TEST 
2024-02-15 10:34:28,348 [main] INFO  controller.UserController - find by id TEST 
2024-02-15 10:37:26,545 [main] INFO  controller.UserController - find by id TEST 
2024-02-15 10:46:08,604 [main] INFO  controller.UserController - find by id TEST 
2024-02-15 10:48:53,294 [main] INFO  controller.UserController - find by id TEST 
2024-02-15 10:52:25,233 [main] INFO  controller.UserController - find by id TEST 
2024-02-15 10:53:31,168 [main] INFO  controller.UserController - find by id TEST 
2024-02-15 10:54:19,182 [main] INFO  controller.UserController - find by id TEST 
2024-02-15 10:54:59,121 [main] INFO  controller.UserController - find by id TEST 
2024-02-15 10:55:40,645 [main] INFO  controller.UserController - find by id TEST 
2024-02-15 10:56:06,415 [main] INFO  controller.UserController - find by id TEST 
2024-02-16 00:01:14,585 [main] INFO  controller.UserController - find by id TEST 
2024-02-16 00:04:21,562 [main] INFO  controller.UserController - find by id TEST 
2024-02-16 00:16:15,544 [main] INFO  controller.UserController - find by id TEST 
2024-02-16 00:17:25,834 [AWT-EventQueue-0] INFO  controller.UserController - find by id TEST 
2024-02-16 00:19:30,290 [main] INFO  controller.UserController - find by id TEST 
2024-02-16 00:21:40,703 [main] INFO  controller.UserController - find by id TEST 
2024-02-16 00:22:22,606 [AWT-EventQueue-0] INFO  controller.UserController - edit TEST 
2024-02-16 00:22:22,614 [AWT-EventQueue-0] INFO  controller.UserController - find by id TEST 
2024-02-16 00:24:12,867 [main] INFO  controller.UserController - find by id TEST 
2024-02-16 00:25:02,647 [AWT-EventQueue-0] INFO  controller.UserController - edit TEST 
2024-02-16 00:25:02,651 [AWT-EventQueue-0] INFO  controller.UserController - find by id TEST 
2024-02-16 00:25:08,214 [AWT-EventQueue-0] INFO  controller.UserController - edit TEST 
2024-02-16 00:25:08,218 [AWT-EventQueue-0] INFO  controller.UserController - find by id TEST 
2024-02-16 00:25:27,866 [AWT-EventQueue-0] INFO  controller.UserController - edit TEST 
2024-02-16 00:25:27,870 [AWT-EventQueue-0] INFO  controller.UserController - find by id TEST 
2024-02-16 00:27:57,234 [main] INFO  controller.UserController - find by id TEST 
2024-02-16 00:31:17,370 [main] INFO  controller.UserController - find by id TEST 
2024-02-16 00:33:36,854 [main] INFO  controller.UserController - find by id TEST 
2024-02-16 00:34:57,023 [main] INFO  controller.UserController - find by id TEST 
2024-02-16 00:37:42,814 [main] INFO  controller.UserController - find by id TEST 
2024-02-16 00:39:59,238 [main] INFO  controller.UserController - find by id TEST 
2024-02-20 22:43:43,603 [AWT-EventQueue-0] INFO  controller.UserController - find by username and password TEST 
2024-02-21 00:30:53,499 [main] INFO  controller.UserController - find by id TEST 
2024-02-21 00:31:52,179 [AWT-EventQueue-0] INFO  controller.UserController - find by id TEST 
2024-02-21 00:57:13,574 [main] INFO  controller.UserController - find by id TEST 
2024-02-21 01:19:47,109 [AWT-EventQueue-0] INFO  controller.TitlesController - save TEST 
2024-02-21 01:28:23,741 [main] INFO  controller.UserController - find by id TEST 
2024-02-21 01:28:41,206 [AWT-EventQueue-0] INFO  controller.TitlesController - find all TEST 
2024-02-21 01:28:45,917 [AWT-EventQueue-0] ERROR controller.TitlesController - Error to find TEST 
2024-02-21 01:34:43,548 [main] INFO  controller.UserController - find by id TEST 
2024-02-21 01:34:56,657 [AWT-EventQueue-0] INFO  controller.TitlesController - find all TEST 
2024-02-21 01:35:15,901 [AWT-EventQueue-0] INFO  controller.TitlesController - save TEST 
2024-02-21 01:35:34,883 [AWT-EventQueue-0] INFO  controller.TitlesController - save TEST 
2024-02-21 01:35:40,615 [AWT-EventQueue-0] INFO  controller.TitlesController - save TEST 
2024-02-21 01:35:48,257 [AWT-EventQueue-0] INFO  controller.TitlesController - save TEST 
2024-02-21 01:35:53,715 [AWT-EventQueue-0] INFO  controller.TitlesController - save TEST 
2024-02-21 01:36:00,673 [AWT-EventQueue-0] INFO  controller.TitlesController - save TEST 
2024-02-21 01:36:18,810 [AWT-EventQueue-0] INFO  controller.TitlesController - save TEST 
2024-02-21 01:36:43,980 [AWT-EventQueue-0] INFO  controller.TitlesController - save TEST 
2024-02-21 01:36:57,362 [AWT-EventQueue-0] INFO  controller.TitlesController - find all TEST 
2024-02-21 01:37:03,962 [AWT-EventQueue-0] INFO  controller.TitlesController - find all TEST 
2024-02-21 01:38:04,970 [AWT-EventQueue-0] INFO  controller.TitlesController - find all TEST 
2024-02-21 01:42:18,729 [main] INFO  controller.UserController - find by id TEST 
2024-02-21 01:42:33,625 [AWT-EventQueue-0] INFO  controller.TitlesController - find all TEST 
2024-02-21 01:42:50,985 [AWT-EventQueue-0] INFO  controller.TitlesController - find all TEST 
2024-02-21 01:42:58,870 [AWT-EventQueue-0] INFO  controller.TitlesController - find all TEST 
2024-02-21 01:43:22,703 [AWT-EventQueue-0] INFO  controller.TitlesController - find all TEST 
2024-02-21 01:43:34,781 [AWT-EventQueue-0] INFO  controller.TitlesController - find all TEST 
2024-02-21 01:43:45,530 [AWT-EventQueue-0] INFO  controller.TitlesController - find all TEST 
2024-02-21 01:44:29,246 [main] INFO  controller.UserController - find by id TEST 
2024-02-21 01:44:37,903 [AWT-EventQueue-0] INFO  controller.TitlesController - find all TEST 
2024-02-21 01:44:41,845 [AWT-EventQueue-0] INFO  controller.TitlesController - find all TEST 
2024-02-21 01:44:45,236 [AWT-EventQueue-0] INFO  controller.TitlesController - find all TEST 
2024-02-21 01:44:51,980 [AWT-EventQueue-0] INFO  controller.TitlesController - find all TEST 
2024-02-21 01:45:02,776 [AWT-EventQueue-0] INFO  controller.TitlesController - find all TEST 
2024-02-21 22:37:03,518 [main] INFO  controller.UserController - find by id TEST 
2024-02-21 22:37:31,175 [AWT-EventQueue-0] INFO  controller.TitlesController - find all TEST 
2024-02-21 22:38:28,536 [main] INFO  controller.UserController - find by id TEST 
2024-02-21 22:38:52,217 [AWT-EventQueue-0] INFO  controller.TitlesController - find all TEST 
2024-02-21 22:42:20,862 [AWT-EventQueue-0] INFO  controller.TitlesController - find all TEST 
2024-02-21 22:42:29,253 [main] INFO  controller.UserController - find by id TEST 
2024-02-21 22:43:07,541 [main] INFO  controller.UserController - find by id TEST 
2024-02-21 22:43:11,684 [AWT-EventQueue-0] INFO  controller.TitlesController - find all TEST 
2024-02-21 22:46:01,735 [main] INFO  controller.UserController - find by id TEST 
2024-02-21 22:48:27,842 [AWT-EventQueue-0] INFO  controller.TitlesController - find all TEST 
2024-02-21 22:53:38,079 [main] INFO  controller.UserController - find by id TEST 
2024-02-21 22:53:44,696 [AWT-EventQueue-0] INFO  controller.TitlesController - find all TEST 
2024-02-21 22:53:46,806 [AWT-EventQueue-0] INFO  controller.TitlesController - find all TEST 
2024-02-21 22:53:52,957 [AWT-EventQueue-0] INFO  controller.TitlesController - find all TEST 
2024-02-21 22:54:10,066 [main] INFO  controller.UserController - find by id TEST 
2024-02-21 22:55:36,013 [AWT-EventQueue-0] INFO  controller.TitlesController - find all TEST 
2024-02-21 22:56:11,822 [AWT-EventQueue-0] INFO  controller.TitlesController - find all TEST 
2024-02-21 22:56:23,456 [main] INFO  controller.UserController - find by id TEST 
2024-02-21 22:57:04,318 [AWT-EventQueue-0] INFO  controller.TitlesController - find all TEST 
2024-02-21 22:57:06,757 [AWT-EventQueue-0] INFO  controller.TitlesController - find all TEST 
2024-02-21 22:59:29,475 [AWT-EventQueue-0] INFO  controller.TitlesController - find all TEST 
2024-02-21 23:11:37,882 [main] INFO  controller.UserController - find by id TEST 
2024-02-21 23:13:11,449 [AWT-EventQueue-0] INFO  controller.TitlesController - find all TEST 
2024-02-21 23:13:17,841 [AWT-EventQueue-0] ERROR controller.TitlesController - Error to remove TEST 
2024-02-21 23:13:18,481 [AWT-EventQueue-0] INFO  controller.TitlesController - find all TEST 
2024-02-21 23:18:24,416 [main] INFO  controller.UserController - find by id TEST 
2024-02-21 23:18:42,383 [AWT-EventQueue-0] INFO  controller.TitlesController - find all TEST 
2024-02-21 23:18:49,817 [AWT-EventQueue-0] ERROR controller.TitlesController - Error to remove TEST 
2024-02-21 23:19:38,112 [AWT-EventQueue-0] ERROR controller.TitlesController - Error to remove TEST 
2024-02-22 21:01:32,933 [main] INFO  controller.UserController - find by id TEST 
2024-02-22 21:01:40,406 [AWT-EventQueue-0] INFO  controller.TitlesController - find all TEST 
2024-02-22 21:02:36,024 [AWT-EventQueue-0] ERROR controller.TitlesController - Error to remove TEST 
2024-02-22 21:03:31,664 [AWT-EventQueue-0] ERROR controller.TitlesController - Error to remove TEST 
2024-02-22 21:03:44,836 [AWT-EventQueue-0] INFO  controller.TitlesController - save TEST 
2024-02-22 21:06:55,660 [AWT-EventQueue-0] ERROR controller.TitlesController - Error to remove TEST 
2024-02-22 21:07:42,120 [main] INFO  controller.UserController - find by id TEST 
2024-02-22 21:07:55,831 [AWT-EventQueue-0] INFO  controller.TitlesController - find all TEST 
2024-02-22 21:08:05,512 [AWT-EventQueue-0] ERROR controller.TitlesController - Error to remove TEST 
2024-02-22 21:10:45,640 [main] INFO  controller.UserController - find by id TEST 
2024-02-22 21:10:48,601 [main] INFO  controller.AccountController - save TEST 
2024-02-22 21:10:48,658 [main] INFO  controller.AccountController - edit TEST 
2024-02-22 21:10:48,668 [main] INFO  controller.TitlesController - find by id TEST 
2024-02-22 21:10:48,680 [main] ERROR controller.TitlesController - Error to find TEST 
2024-02-22 21:11:20,776 [main] INFO  controller.TitlesController - find by id TEST 
2024-02-22 21:11:23,303 [main] ERROR controller.TitlesController - Error to find TEST 
2024-02-22 21:12:19,090 [main] ERROR controller.TitlesController - Error to remove TEST 
2024-02-22 21:17:57,476 [main] INFO  controller.TitlesController - find by id TEST 
2024-02-22 21:20:00,465 [main] ERROR controller.TitlesController - Error to find TEST 
2024-02-22 21:20:35,530 [main] INFO  controller.TitlesController - find by id TEST 
2024-02-22 21:23:06,135 [main] ERROR controller.TitlesController - Error to find TEST 
2024-02-22 21:23:17,683 [main] INFO  controller.TitlesController - find by id TEST 
2024-02-22 21:24:24,008 [main] ERROR controller.TitlesController - Error to find TEST 
2024-02-22 21:28:11,096 [main] INFO  controller.UserController - find by id TEST 
2024-02-22 21:31:44,618 [main] INFO  controller.TitlesController - find by id TEST 
2024-02-22 21:32:05,610 [main] INFO  controller.UserController - find by id TEST 
2024-02-22 21:32:16,233 [AWT-EventQueue-0] INFO  controller.TitlesController - find all TEST 
2024-02-22 21:32:20,251 [AWT-EventQueue-0] INFO  controller.TitlesController - remove TEST 
2024-02-22 21:32:20,355 [AWT-EventQueue-0] INFO  controller.TitlesController - find all TEST 
2024-02-22 23:06:59,051 [AWT-EventQueue-0] INFO  controller.TitlesController - remove TEST 
2024-02-22 23:06:59,272 [AWT-EventQueue-0] INFO  controller.TitlesController - find all TEST 
2024-02-22 23:07:13,927 [AWT-EventQueue-0] INFO  controller.TitlesController - remove TEST 
2024-02-22 23:07:13,930 [AWT-EventQueue-0] INFO  controller.TitlesController - find all TEST 
2024-02-22 23:08:51,108 [main] INFO  controller.UserController - find by id TEST 
2024-02-22 23:09:24,704 [AWT-EventQueue-0] INFO  controller.TitlesController - find all TEST 
2024-02-22 23:09:38,178 [AWT-EventQueue-0] INFO  controller.TitlesController - remove TEST 
2024-02-22 23:09:44,276 [AWT-EventQueue-0] INFO  controller.TitlesController - remove TEST 
2024-02-22 23:10:24,770 [AWT-EventQueue-0] INFO  controller.TitlesController - save TEST 
2024-02-22 23:11:15,054 [AWT-EventQueue-0] INFO  controller.TitlesController - save TEST 
2024-02-22 23:11:21,816 [AWT-EventQueue-0] INFO  controller.TitlesController - save TEST 
2024-02-22 23:15:24,733 [AWT-EventQueue-0] INFO  controller.TitlesController - find all TEST 
2024-02-22 23:22:17,701 [main] INFO  controller.UserController - find by id TEST 
2024-02-22 23:22:33,560 [AWT-EventQueue-0] INFO  controller.TitlesController - find all TEST 
2024-02-22 23:24:45,528 [main] INFO  controller.UserController - find by id TEST 
2024-02-22 23:24:51,619 [AWT-EventQueue-0] INFO  controller.TitlesController - find all TEST 
2024-02-22 23:35:16,870 [main] INFO  controller.UserController - find by id TEST 
2024-02-22 23:38:47,349 [main] INFO  controller.UserController - find by id TEST 
2024-02-22 23:39:01,614 [AWT-EventQueue-0] INFO  controller.TitlesController - find all TEST 
2024-02-22 23:39:22,991 [main] INFO  controller.UserController - find by id TEST 
2024-02-22 23:39:25,601 [AWT-EventQueue-0] INFO  controller.TitlesController - find all TEST 
2024-02-22 23:39:40,765 [main] INFO  controller.UserController - find by id TEST 
2024-02-22 23:40:48,946 [AWT-EventQueue-0] INFO  controller.TitlesController - find all TEST 
2024-02-22 23:40:55,196 [main] INFO  controller.UserController - find by id TEST 
2024-02-22 23:41:07,157 [AWT-EventQueue-0] INFO  controller.TitlesController - find all TEST 
2024-02-22 23:42:32,057 [main] INFO  controller.UserController - find by id TEST 
2024-02-22 23:42:35,727 [AWT-EventQueue-0] INFO  controller.TitlesController - find all TEST 
2024-02-22 23:42:55,225 [main] INFO  controller.UserController - find by id TEST 
2024-02-22 23:42:59,800 [AWT-EventQueue-0] INFO  controller.TitlesController - find all TEST 
2024-02-22 23:44:24,962 [main] INFO  controller.UserController - find by id TEST 
2024-02-22 23:44:35,023 [AWT-EventQueue-0] INFO  controller.TitlesController - find all TEST 
2024-02-23 01:56:58,474 [main] INFO  controller.UserController - find by id TEST 
2024-02-23 01:57:12,733 [AWT-EventQueue-0] INFO  controller.TitlesController - find all TEST 
2024-02-23 02:12:53,727 [main] INFO  controller.UserController - find by id TEST 
2024-02-23 02:13:01,306 [AWT-EventQueue-0] INFO  controller.AccountController - find all TEST 
2024-02-23 02:13:01,518 [AWT-EventQueue-0] ERROR controller.AccountController - Error to find TEST 
2024-02-23 02:13:44,089 [main] INFO  controller.UserController - find by id TEST 
2024-02-23 02:13:57,894 [AWT-EventQueue-0] INFO  controller.AccountController - find all TEST 
2024-02-23 02:13:57,907 [AWT-EventQueue-0] ERROR controller.AccountController - Error to find TEST 
2024-02-23 02:14:36,584 [main] INFO  controller.UserController - find by id TEST 
2024-02-23 02:14:41,580 [AWT-EventQueue-0] INFO  controller.AccountController - find all TEST 
2024-02-23 02:15:29,467 [AWT-EventQueue-0] ERROR controller.AccountController - Error to find TEST 
2024-02-23 02:15:31,780 [main] INFO  controller.UserController - find by id TEST 
2024-02-23 02:15:36,839 [AWT-EventQueue-0] INFO  controller.AccountController - find all TEST 
2024-02-23 02:18:04,687 [AWT-EventQueue-0] ERROR controller.AccountController - Error to find TEST 
2024-02-23 02:18:10,650 [main] INFO  controller.AccountController - find all TEST 
2024-02-23 02:18:11,868 [main] ERROR controller.AccountController - Error to find TEST 
2024-02-23 02:19:22,808 [main] INFO  controller.AccountController - find all TEST 
2024-02-23 02:19:24,600 [main] ERROR controller.AccountController - Error to find TEST 
2024-02-23 02:20:00,607 [main] INFO  controller.AccountController - find all TEST 
2024-02-23 02:20:01,747 [main] ERROR controller.AccountController - Error to find TEST 
2024-02-23 02:21:55,921 [main] INFO  controller.AccountController - find all TEST 
2024-02-23 02:26:54,420 [main] INFO  controller.AccountController - find all TEST 
2024-02-23 02:26:57,413 [main] ERROR controller.AccountController - Error to find TEST 
2024-02-23 02:29:27,034 [main] INFO  controller.AccountController - find all TEST 
2024-02-23 02:38:22,746 [main] ERROR controller.AccountController - Error to find TEST 
2024-02-23 02:38:37,735 [main] INFO  controller.AccountController - find all TEST 
2024-02-23 02:39:49,057 [main] INFO  controller.AccountController - find all by user_id TEST 
2024-02-23 02:39:50,389 [main] ERROR controller.AccountController - Error to find all by user_id TEST 
2024-02-26 00:22:52,438 [main] INFO  controller.UserController - find by id TEST 
2024-02-26 00:22:59,141 [AWT-EventQueue-0] INFO  controller.AccountController - find all TEST 
2024-02-26 00:26:52,878 [main] INFO  controller.UserController - find by id TEST 
2024-02-26 00:27:44,391 [AWT-EventQueue-0] INFO  controller.AccountController - find all by user_id TEST 
2024-02-27 23:33:32,016 [main] INFO  controller.UserController - find by id TEST 
2024-02-27 23:33:44,274 [AWT-EventQueue-0] INFO  controller.AccountController - find all by user_id TEST 
2024-02-27 23:33:49,720 [AWT-EventQueue-0] INFO  controller.TitlesController - find all TEST 
2024-02-27 23:37:12,328 [main] INFO  controller.UserController - find by id TEST 
2024-02-27 23:37:20,294 [AWT-EventQueue-0] INFO  controller.AccountController - find all by user_id TEST 
2024-02-27 23:38:32,098 [main] INFO  controller.UserController - find by id TEST 
2024-02-28 23:43:17,673 [main] INFO  controller.UserController - find by id TEST 
2024-02-28 23:45:07,220 [main] INFO  controller.UserController - find by id TEST 
2024-02-28 23:46:30,678 [Thread-4] INFO  controller.AccountController - find all by user_id TEST 
2024-02-28 23:48:55,048 [AWT-EventQueue-0] INFO  controller.TitlesController - find all TEST 
2024-02-28 23:48:59,038 [AWT-EventQueue-0] INFO  controller.AccountController - find all by user_id TEST 
2024-02-28 23:49:41,761 [AWT-EventQueue-0] INFO  controller.AccountController - save TEST 
2024-02-28 23:49:54,322 [Thread-5] INFO  controller.AccountController - find all by user_id TEST 
2024-02-29 00:16:41,147 [main] INFO  controller.UserController - find by id TEST 
2024-02-29 00:17:14,802 [Thread-4] INFO  controller.AccountController - find all by user_id TEST 
2024-02-29 00:17:15,235 [Thread-4] INFO  controller.TitlesController - find all by type TEST 
2024-02-29 00:17:50,480 [main] INFO  controller.UserController - find by id TEST 
2024-02-29 00:18:02,342 [Thread-4] INFO  controller.AccountController - find all by user_id TEST 
2024-02-29 00:18:02,652 [Thread-4] INFO  controller.TitlesController - find all by type TEST 
2024-02-29 00:18:11,418 [AWT-EventQueue-0] INFO  controller.TitlesController - find all by type TEST 
2024-02-29 00:18:18,235 [AWT-EventQueue-0] INFO  controller.TitlesController - find all by type TEST 
2024-02-29 00:18:19,393 [AWT-EventQueue-0] INFO  controller.TitlesController - find all by type TEST 
2024-02-29 00:18:23,326 [AWT-EventQueue-0] INFO  controller.TitlesController - find all by type TEST 
2024-02-29 00:18:27,620 [AWT-EventQueue-0] INFO  controller.TitlesController - find all by type TEST 
2024-02-29 00:19:14,085 [main] INFO  controller.UserController - find by id TEST 
2024-02-29 00:19:29,742 [Thread-4] INFO  controller.AccountController - find all by user_id TEST 
2024-02-29 00:19:29,781 [Thread-4] INFO  controller.TitlesController - find all by type TEST 
2024-02-29 00:19:32,569 [AWT-EventQueue-0] INFO  controller.TitlesController - find all by type TEST 
2024-02-29 00:19:37,684 [AWT-EventQueue-0] INFO  controller.TitlesController - find all by type TEST 
2024-02-29 00:19:59,941 [AWT-EventQueue-0] INFO  controller.TitlesController - find all by type TEST 
2024-02-29 00:20:07,238 [AWT-EventQueue-0] INFO  controller.TitlesController - find all by type TEST 
2024-02-29 00:20:18,280 [AWT-EventQueue-0] INFO  controller.TitlesController - find all by type TEST 
2024-02-29 00:20:44,933 [Thread-5] INFO  controller.AccountController - find all by user_id TEST 
2024-02-29 00:20:44,954 [Thread-5] INFO  controller.TitlesController - find all by type TEST 
2024-02-29 00:20:59,312 [AWT-EventQueue-0] INFO  controller.TitlesController - find all by type TEST 
2024-02-29 00:21:01,232 [AWT-EventQueue-0] INFO  controller.TitlesController - find all by type TEST 
2024-02-29 00:21:05,476 [AWT-EventQueue-0] INFO  controller.TitlesController - find all by type TEST 
2024-02-29 00:21:09,761 [AWT-EventQueue-0] INFO  controller.TitlesController - find all by type TEST 
2024-02-29 00:21:52,589 [main] INFO  controller.UserController - find by id TEST 
2024-02-29 00:22:02,278 [Thread-4] INFO  controller.AccountController - find all by user_id TEST 
2024-02-29 00:22:03,071 [Thread-4] INFO  controller.TitlesController - find all by type TEST 
2024-02-29 00:22:08,614 [AWT-EventQueue-0] INFO  controller.TitlesController - find all by type TEST 
2024-02-29 00:22:24,541 [AWT-EventQueue-0] INFO  controller.TitlesController - find all TEST 
2024-02-29 00:22:31,422 [AWT-EventQueue-0] INFO  controller.TitlesController - find all by type TEST 
2024-02-29 00:22:33,816 [AWT-EventQueue-0] INFO  controller.TitlesController - find all by type TEST 
2024-02-29 00:22:38,740 [AWT-EventQueue-0] INFO  controller.TitlesController - find all by type TEST 
2024-02-29 00:23:14,118 [AWT-EventQueue-0] INFO  controller.TitlesController - find all by type TEST 
2024-02-29 00:23:57,243 [main] INFO  controller.UserController - find by id TEST 
2024-02-29 00:24:11,867 [Thread-4] INFO  controller.AccountController - find all by user_id TEST 
2024-02-29 00:24:11,911 [Thread-4] INFO  controller.TitlesController - find all by type TEST 
2024-02-29 00:24:14,930 [AWT-EventQueue-0] INFO  controller.TitlesController - find all by type TEST 
2024-02-29 00:24:26,066 [AWT-EventQueue-0] INFO  controller.TitlesController - find all TEST 
2024-02-29 00:24:47,568 [AWT-EventQueue-0] INFO  controller.TitlesController - save TEST 
2024-02-29 00:24:50,190 [AWT-EventQueue-0] INFO  controller.TitlesController - find all by type TEST 
2024-02-29 00:28:14,158 [AWT-EventQueue-0] INFO  controller.TitlesController - save TEST 
2024-02-29 00:28:22,588 [AWT-EventQueue-0] INFO  controller.TitlesController - save TEST 
2024-02-29 00:28:40,193 [AWT-EventQueue-0] INFO  controller.TitlesController - save TEST 
2024-02-29 00:28:45,283 [Thread-5] INFO  controller.AccountController - find all by user_id TEST 
2024-02-29 00:28:45,338 [Thread-5] INFO  controller.TitlesController - find all by type TEST 
2024-02-29 00:30:12,319 [AWT-EventQueue-0] INFO  controller.AccountController - find all by user_id TEST 
2024-02-29 00:39:22,414 [main] INFO  controller.UserController - find by id TEST 
2024-02-29 00:39:30,834 [AWT-EventQueue-0] INFO  controller.AccountController - find all by user_id TEST 
2024-02-29 00:40:28,823 [main] INFO  controller.UserController - find by id TEST 
2024-02-29 00:41:21,508 [main] INFO  controller.UserController - find by id TEST 
2024-02-29 00:41:27,999 [AWT-EventQueue-0] INFO  controller.AccountController - find all by user_id TEST 
2024-02-29 00:45:21,129 [AWT-EventQueue-0] INFO  controller.TitlesController - find all TEST 
2024-02-29 00:46:00,504 [main] INFO  controller.UserController - find by id TEST 
2024-02-29 00:47:36,568 [main] INFO  controller.UserController - find by id TEST 
2024-02-29 13:36:40,146 [main] INFO  controller.UserController - find by id TEST 
2024-02-29 13:38:36,708 [main] INFO  controller.UserController - find by id TEST 
2024-02-29 13:39:09,581 [AWT-EventQueue-0] INFO  controller.AccountController - find all by user_id TEST 
2024-02-29 13:39:23,522 [Thread-4] INFO  controller.AccountController - find all by user_id TEST 
2024-02-29 13:39:23,650 [Thread-4] INFO  controller.TitlesController - find all by type TEST 
